{"/Users/shunzi/Program/MyLaboratory/Saxios/src/index.ts": {"path":"/Users/shunzi/Program/MyLaboratory/Saxios/src/index.ts","statementMap":{"0":{"start":{"line":1,"column":0},"end":{"line":1,"column":35}},"1":{"start":{"line":3,"column":0},"end":{"line":3,"column":24}},"2":{"start":{"line":5,"column":0},"end":{"line":5,"column":22}}},"fnMap":{},"branchMap":{},"s":{"0":1,"1":1,"2":1},"f":{},"b":{}}
,"/Users/shunzi/Program/MyLaboratory/Saxios/src/adapters/xhr.ts": {"path":"/Users/shunzi/Program/MyLaboratory/Saxios/src/adapters/xhr.ts","statementMap":{"0":{"start":{"line":1,"column":0},"end":{"line":1,"column":49}},"1":{"start":{"line":2,"column":0},"end":{"line":2,"column":55}},"2":{"start":{"line":4,"column":0},"end":{"line":4,"column":51}},"3":{"start":{"line":5,"column":0},"end":{"line":5,"column":43}},"4":{"start":{"line":6,"column":0},"end":{"line":6,"column":49}},"5":{"start":{"line":7,"column":0},"end":{"line":7,"column":37}},"6":{"start":{"line":10,"column":2},"end":{"line":10,"column":39}},"7":{"start":{"line":12,"column":2},"end":{"line":134,"column":5}},"8":{"start":{"line":28,"column":8},"end":{"line":28,"column":14}},"9":{"start":{"line":30,"column":16},"end":{"line":30,"column":36}},"10":{"start":{"line":32,"column":23},"end":{"line":32,"column":43}},"11":{"start":{"line":33,"column":4},"end":{"line":33,"column":54}},"12":{"start":{"line":35,"column":4},"end":{"line":35,"column":18}},"13":{"start":{"line":37,"column":4},"end":{"line":37,"column":20}},"14":{"start":{"line":39,"column":4},"end":{"line":39,"column":19}},"15":{"start":{"line":41,"column":4},"end":{"line":41,"column":25}},"16":{"start":{"line":43,"column":4},"end":{"line":43,"column":19}},"17":{"start":{"line":46,"column":6},"end":{"line":46,"column":56}},"18":{"start":{"line":47,"column":6},"end":{"line":47,"column":41}},"19":{"start":{"line":48,"column":6},"end":{"line":48,"column":54}},"20":{"start":{"line":52,"column":6},"end":{"line":57,"column":null}},"21":{"start":{"line":53,"column":8},"end":{"line":56,"column":11}},"22":{"start":{"line":54,"column":10},"end":{"line":54,"column":22}},"23":{"start":{"line":55,"column":10},"end":{"line":55,"column":25}},"24":{"start":{"line":61,"column":6},"end":{"line":61,"column":66}},"25":{"start":{"line":62,"column":6},"end":{"line":62,"column":69}},"26":{"start":{"line":64,"column":6},"end":{"line":72,"column":8}},"27":{"start":{"line":65,"column":22},"end":{"line":70,"column":10}},"28":{"start":{"line":71,"column":8},"end":{"line":71,"column":22}},"29":{"start":{"line":74,"column":6},"end":{"line":82,"column":8}},"30":{"start":{"line":75,"column":22},"end":{"line":80,"column":10}},"31":{"start":{"line":81,"column":8},"end":{"line":81,"column":22}},"32":{"start":{"line":84,"column":6},"end":{"line":96,"column":8}},"33":{"start":{"line":85,"column":8},"end":{"line":87,"column":null}},"34":{"start":{"line":86,"column":10},"end":{"line":86,"column":17}},"35":{"start":{"line":89,"column":8},"end":{"line":91,"column":null}},"36":{"start":{"line":90,"column":10},"end":{"line":90,"column":17}},"37":{"start":{"line":93,"column":25},"end":{"line":93,"column":52}},"38":{"start":{"line":95,"column":8},"end":{"line":95,"column":33}},"39":{"start":{"line":100,"column":6},"end":{"line":111,"column":null}},"40":{"start":{"line":101,"column":8},"end":{"line":101,"column":26}},"41":{"start":{"line":103,"column":22},"end":{"line":109,"column":10}},"42":{"start":{"line":110,"column":8},"end":{"line":110,"column":22}},"43":{"start":{"line":115,"column":6},"end":{"line":120,"column":null}},"44":{"start":{"line":116,"column":26},"end":{"line":116,"column":53}},"45":{"start":{"line":117,"column":8},"end":{"line":119,"column":null}},"46":{"start":{"line":118,"column":10},"end":{"line":118,"column":47}},"47":{"start":{"line":122,"column":6},"end":{"line":124,"column":null}},"48":{"start":{"line":123,"column":8},"end":{"line":123,"column":85}},"49":{"start":{"line":126,"column":6},"end":{"line":128,"column":null}},"50":{"start":{"line":127,"column":8},"end":{"line":127,"column":39}},"51":{"start":{"line":130,"column":6},"end":{"line":132,"column":9}},"52":{"start":{"line":131,"column":8},"end":{"line":131,"column":50}},"53":{"start":{"line":9,"column":0},"end":{"line":9,"column":16}},"54":{"start":{"line":137,"column":0},"end":{"line":137,"column":23}}},"fnMap":{"0":{"name":"request","decl":{"start":{"line":9,"column":16},"end":{"line":9,"column":23}},"loc":{"start":{"line":9,"column":48},"end":{"line":135,"column":1}}},"1":{"name":"(anonymous_2)","decl":{"start":{"line":12,"column":21},"end":{"line":12,"column":22}},"loc":{"start":{"line":12,"column":41},"end":{"line":134,"column":3}}},"2":{"name":"configToXhr","decl":{"start":{"line":45,"column":13},"end":{"line":45,"column":24}},"loc":{"start":{"line":45,"column":24},"end":{"line":49,"column":5}}},"3":{"name":"handleCancel","decl":{"start":{"line":51,"column":13},"end":{"line":51,"column":25}},"loc":{"start":{"line":51,"column":25},"end":{"line":58,"column":5}}},"4":{"name":"(anonymous_5)","decl":{"start":{"line":53,"column":33},"end":{"line":53,"column":34}},"loc":{"start":{"line":53,"column":44},"end":{"line":56,"column":9}}},"5":{"name":"addEventsListeners","decl":{"start":{"line":60,"column":13},"end":{"line":60,"column":31}},"loc":{"start":{"line":60,"column":31},"end":{"line":97,"column":5}}},"6":{"name":"(anonymous_7)","decl":{"start":{"line":64,"column":20},"end":{"line":64,"column":null}},"loc":{"start":{"line":64,"column":20},"end":{"line":72,"column":7}}},"7":{"name":"(anonymous_8)","decl":{"start":{"line":74,"column":22},"end":{"line":74,"column":null}},"loc":{"start":{"line":74,"column":22},"end":{"line":82,"column":7}}},"8":{"name":"(anonymous_9)","decl":{"start":{"line":84,"column":31},"end":{"line":84,"column":null}},"loc":{"start":{"line":84,"column":31},"end":{"line":96,"column":7}}},"9":{"name":"handleResponse","decl":{"start":{"line":99,"column":13},"end":{"line":99,"column":27}},"loc":{"start":{"line":99,"column":52},"end":{"line":112,"column":5}}},"10":{"name":"ProcessHeader","decl":{"start":{"line":114,"column":13},"end":{"line":114,"column":26}},"loc":{"start":{"line":114,"column":26},"end":{"line":133,"column":5}}},"11":{"name":"(anonymous_12)","decl":{"start":{"line":130,"column":35},"end":{"line":130,"column":36}},"loc":{"start":{"line":130,"column":44},"end":{"line":132,"column":7}}}},"branchMap":{"0":{"loc":{"start":{"line":46,"column":6},"end":{"line":46,"column":18}},"type":"binary-expr","locations":[{"start":{"line":46,"column":6},"end":{"line":46,"column":18}},{"start":{"line":46,"column":23},"end":{"line":46,"column":54}}]},"1":{"loc":{"start":{"line":47,"column":6},"end":{"line":47,"column":13}},"type":"binary-expr","locations":[{"start":{"line":47,"column":6},"end":{"line":47,"column":13}},{"start":{"line":47,"column":18},"end":{"line":47,"column":39}}]},"2":{"loc":{"start":{"line":48,"column":6},"end":{"line":48,"column":21}},"type":"binary-expr","locations":[{"start":{"line":48,"column":6},"end":{"line":48,"column":21}},{"start":{"line":48,"column":26},"end":{"line":48,"column":52}}]},"3":{"loc":{"start":{"line":52,"column":6},"end":{"line":57,"column":null}},"type":"if","locations":[{"start":{"line":52,"column":6},"end":{"line":57,"column":null}},{"start":{"line":52,"column":6},"end":{"line":57,"column":null}}]},"4":{"loc":{"start":{"line":61,"column":6},"end":{"line":61,"column":24}},"type":"binary-expr","locations":[{"start":{"line":61,"column":6},"end":{"line":61,"column":24}},{"start":{"line":61,"column":29},"end":{"line":61,"column":64}}]},"5":{"loc":{"start":{"line":62,"column":6},"end":{"line":62,"column":22}},"type":"binary-expr","locations":[{"start":{"line":62,"column":6},"end":{"line":62,"column":22}},{"start":{"line":62,"column":27},"end":{"line":62,"column":67}}]},"6":{"loc":{"start":{"line":85,"column":8},"end":{"line":87,"column":null}},"type":"if","locations":[{"start":{"line":85,"column":8},"end":{"line":87,"column":null}},{"start":{"line":85,"column":8},"end":{"line":87,"column":null}}]},"7":{"loc":{"start":{"line":85,"column":12},"end":{"line":85,"column":16}},"type":"binary-expr","locations":[{"start":{"line":85,"column":12},"end":{"line":85,"column":16}},{"start":{"line":85,"column":20},"end":{"line":85,"column":40}}]},"8":{"loc":{"start":{"line":89,"column":8},"end":{"line":91,"column":null}},"type":"if","locations":[{"start":{"line":89,"column":8},"end":{"line":91,"column":null}},{"start":{"line":89,"column":8},"end":{"line":91,"column":null}}]},"9":{"loc":{"start":{"line":89,"column":12},"end":{"line":89,"column":28}},"type":"binary-expr","locations":[{"start":{"line":89,"column":12},"end":{"line":89,"column":28}},{"start":{"line":89,"column":32},"end":{"line":89,"column":92}}]},"10":{"loc":{"start":{"line":89,"column":34},"end":{"line":89,"column":49}},"type":"binary-expr","locations":[{"start":{"line":89,"column":34},"end":{"line":89,"column":49}},{"start":{"line":89,"column":53},"end":{"line":89,"column":91}}]},"11":{"loc":{"start":{"line":100,"column":6},"end":{"line":111,"column":null}},"type":"if","locations":[{"start":{"line":100,"column":6},"end":{"line":111,"column":null}},{"start":{"line":100,"column":6},"end":{"line":111,"column":null}}]},"12":{"loc":{"start":{"line":100,"column":10},"end":{"line":100,"column":25}},"type":"binary-expr","locations":[{"start":{"line":100,"column":10},"end":{"line":100,"column":25}},{"start":{"line":100,"column":29},"end":{"line":100,"column":60}}]},"13":{"loc":{"start":{"line":115,"column":6},"end":{"line":120,"column":null}},"type":"if","locations":[{"start":{"line":115,"column":6},"end":{"line":120,"column":null}},{"start":{"line":115,"column":6},"end":{"line":120,"column":null}}]},"14":{"loc":{"start":{"line":115,"column":11},"end":{"line":115,"column":26}},"type":"binary-expr","locations":[{"start":{"line":115,"column":11},"end":{"line":115,"column":26}},{"start":{"line":115,"column":30},"end":{"line":115,"column":51}},{"start":{"line":115,"column":56},"end":{"line":115,"column":70}}]},"15":{"loc":{"start":{"line":117,"column":8},"end":{"line":119,"column":null}},"type":"if","locations":[{"start":{"line":117,"column":8},"end":{"line":119,"column":null}},{"start":{"line":117,"column":8},"end":{"line":119,"column":null}}]},"16":{"loc":{"start":{"line":122,"column":6},"end":{"line":124,"column":null}},"type":"if","locations":[{"start":{"line":122,"column":6},"end":{"line":124,"column":null}},{"start":{"line":122,"column":6},"end":{"line":124,"column":null}}]},"17":{"loc":{"start":{"line":126,"column":6},"end":{"line":128,"column":null}},"type":"if","locations":[{"start":{"line":126,"column":6},"end":{"line":128,"column":null}},{"start":{"line":126,"column":6},"end":{"line":128,"column":null}}]}},"s":{"0":1,"1":1,"2":1,"3":1,"4":1,"5":1,"6":9,"7":9,"8":9,"9":9,"10":9,"11":9,"12":9,"13":9,"14":9,"15":9,"16":9,"17":9,"18":9,"19":9,"20":9,"21":0,"22":0,"23":0,"24":9,"25":9,"26":9,"27":1,"28":1,"29":9,"30":1,"31":1,"32":9,"33":23,"34":14,"35":9,"36":2,"37":7,"38":7,"39":7,"40":5,"41":2,"42":2,"43":9,"44":1,"45":1,"46":0,"47":9,"48":0,"49":9,"50":0,"51":9,"52":14,"53":1,"54":1},"f":{"0":9,"1":9,"2":9,"3":9,"4":0,"5":9,"6":1,"7":1,"8":23,"9":7,"10":9,"11":14},"b":{"0":[9,0],"1":[9,1],"2":[9,1],"3":[0,9],"4":[9,0],"5":[9,0],"6":[14,9],"7":[23,23],"8":[2,7],"9":[9,2],"10":[2,0],"11":[5,2],"12":[7,7],"13":[1,8],"14":[9,8,1],"15":[0,1],"16":[0,9],"17":[0,9]}}
,"/Users/shunzi/Program/MyLaboratory/Saxios/src/core/dispatchRequest.ts": {"path":"/Users/shunzi/Program/MyLaboratory/Saxios/src/core/dispatchRequest.ts","statementMap":{"0":{"start":{"line":2,"column":0},"end":{"line":2,"column":79}},"1":{"start":{"line":3,"column":0},"end":{"line":3,"column":46}},"2":{"start":{"line":4,"column":0},"end":{"line":4,"column":37}},"3":{"start":{"line":7,"column":2},"end":{"line":7,"column":39}},"4":{"start":{"line":9,"column":2},"end":{"line":9,"column":40}},"5":{"start":{"line":11,"column":2},"end":{"line":11,"column":79}},"6":{"start":{"line":12,"column":2},"end":{"line":12,"column":45}},"7":{"start":{"line":14,"column":2},"end":{"line":23,"column":7}},"8":{"start":{"line":16,"column":6},"end":{"line":16,"column":40}},"9":{"start":{"line":19,"column":6},"end":{"line":21,"column":null}},"10":{"start":{"line":20,"column":8},"end":{"line":20,"column":59}},"11":{"start":{"line":22,"column":6},"end":{"line":22,"column":33}},"12":{"start":{"line":6,"column":0},"end":{"line":6,"column":24}},"13":{"start":{"line":27,"column":2},"end":{"line":29,"column":null}},"14":{"start":{"line":28,"column":4},"end":{"line":28,"column":42}}},"fnMap":{"0":{"name":"dispatchRequest","decl":{"start":{"line":6,"column":24},"end":{"line":6,"column":39}},"loc":{"start":{"line":6,"column":61},"end":{"line":24,"column":1}}},"1":{"name":"(anonymous_2)","decl":{"start":{"line":15,"column":10},"end":{"line":15,"column":11}},"loc":{"start":{"line":15,"column":18},"end":{"line":17,"column":5}}},"2":{"name":"(anonymous_3)","decl":{"start":{"line":18,"column":11},"end":{"line":18,"column":12}},"loc":{"start":{"line":18,"column":19},"end":{"line":23,"column":5}}},"3":{"name":"throwIfCancellationRequseted","decl":{"start":{"line":26,"column":9},"end":{"line":26,"column":37}},"loc":{"start":{"line":26,"column":59},"end":{"line":30,"column":1}}}},"branchMap":{"0":{"loc":{"start":{"line":9,"column":19},"end":{"line":9,"column":33}},"type":"binary-expr","locations":[{"start":{"line":9,"column":19},"end":{"line":9,"column":33}},{"start":{"line":9,"column":37},"end":{"line":9,"column":39}}]},"1":{"loc":{"start":{"line":19,"column":6},"end":{"line":21,"column":null}},"type":"if","locations":[{"start":{"line":19,"column":6},"end":{"line":21,"column":null}},{"start":{"line":19,"column":6},"end":{"line":21,"column":null}}]},"2":{"loc":{"start":{"line":19,"column":10},"end":{"line":19,"column":13}},"type":"binary-expr","locations":[{"start":{"line":19,"column":10},"end":{"line":19,"column":13}},{"start":{"line":19,"column":17},"end":{"line":19,"column":29}}]},"3":{"loc":{"start":{"line":27,"column":2},"end":{"line":29,"column":null}},"type":"if","locations":[{"start":{"line":27,"column":2},"end":{"line":29,"column":null}},{"start":{"line":27,"column":2},"end":{"line":29,"column":null}}]}},"s":{"0":1,"1":1,"2":1,"3":9,"4":9,"5":9,"6":9,"7":9,"8":5,"9":4,"10":2,"11":4,"12":1,"13":9,"14":0},"f":{"0":9,"1":5,"2":4,"3":9},"b":{"0":[9,0],"1":[2,2],"2":[4,4],"3":[0,9]}}
,"/Users/shunzi/Program/MyLaboratory/Saxios/src/core/error.ts": {"path":"/Users/shunzi/Program/MyLaboratory/Saxios/src/core/error.ts","statementMap":{"0":{"start":{"line":23,"column":4},"end":{"line":23,"column":19}},"1":{"start":{"line":25,"column":4},"end":{"line":25,"column":25}},"2":{"start":{"line":26,"column":4},"end":{"line":26,"column":21}},"3":{"start":{"line":27,"column":4},"end":{"line":27,"column":27}},"4":{"start":{"line":28,"column":4},"end":{"line":28,"column":29}},"5":{"start":{"line":29,"column":4},"end":{"line":29,"column":30}},"6":{"start":{"line":3,"column":0},"end":{"line":3,"column":13}},"7":{"start":{"line":46,"column":2},"end":{"line":46,"column":71}},"8":{"start":{"line":33,"column":0},"end":{"line":33,"column":16}}},"fnMap":{"0":{"name":"(anonymous_0)","decl":{"start":{"line":10,"column":2},"end":{"line":10,"column":14}},"loc":{"start":{"line":22,"column":3},"end":{"line":30,"column":3}}},"1":{"name":"createError","decl":{"start":{"line":33,"column":16},"end":{"line":33,"column":27}},"loc":{"start":{"line":45,"column":1},"end":{"line":47,"column":1}}}},"branchMap":{},"s":{"0":5,"1":5,"2":5,"3":5,"4":5,"5":5,"6":2,"7":5,"8":2},"f":{"0":5,"1":5},"b":{}}
,"/Users/shunzi/Program/MyLaboratory/Saxios/src/core/saxios.ts": {"path":"/Users/shunzi/Program/MyLaboratory/Saxios/src/core/saxios.ts","statementMap":{"0":{"start":{"line":1,"column":0},"end":{"line":1,"column":87}},"1":{"start":{"line":2,"column":0},"end":{"line":2,"column":38}},"2":{"start":{"line":3,"column":0},"end":{"line":3,"column":34}},"3":{"start":{"line":4,"column":0},"end":{"line":4,"column":51}},"4":{"start":{"line":13,"column":0},"end":{"line":13,"column":47}},"5":{"start":{"line":14,"column":0},"end":{"line":14,"column":51}},"6":{"start":{"line":15,"column":0},"end":{"line":15,"column":47}},"7":{"start":{"line":16,"column":0},"end":{"line":16,"column":49}},"8":{"start":{"line":17,"column":0},"end":{"line":17,"column":44}},"9":{"start":{"line":18,"column":0},"end":{"line":18,"column":48}},"10":{"start":{"line":19,"column":0},"end":{"line":19,"column":48}},"11":{"start":{"line":27,"column":23},"end":{"line":27,"column":51}},"12":{"start":{"line":29,"column":15},"end":{"line":29,"column":39}},"13":{"start":{"line":31,"column":2},"end":{"line":43,"column":5}},"14":{"start":{"line":36,"column":6},"end":{"line":36,"column":35}},"15":{"start":{"line":39,"column":6},"end":{"line":41,"column":8}},"16":{"start":{"line":40,"column":8},"end":{"line":40,"column":32}},"17":{"start":{"line":45,"column":2},"end":{"line":45,"column":45}},"18":{"start":{"line":166,"column":2},"end":{"line":166,"column":18}},"19":{"start":{"line":57,"column":18},"end":{"line":57,"column":22}},"20":{"start":{"line":58,"column":4},"end":{"line":58,"column":30}},"21":{"start":{"line":59,"column":4},"end":{"line":62,"column":6}},"22":{"start":{"line":64,"column":4},"end":{"line":80,"column":27}},"23":{"start":{"line":66,"column":8},"end":{"line":66,"column":27}},"24":{"start":{"line":70,"column":8},"end":{"line":70,"column":28}},"25":{"start":{"line":71,"column":8},"end":{"line":71,"column":20}},"26":{"start":{"line":76,"column":28},"end":{"line":76,"column":32}},"27":{"start":{"line":77,"column":8},"end":{"line":77,"column":46}},"28":{"start":{"line":78,"column":8},"end":{"line":78,"column":38}},"29":{"start":{"line":84,"column":27},"end":{"line":84,"column":52}},"30":{"start":{"line":85,"column":4},"end":{"line":85,"column":41}},"31":{"start":{"line":91,"column":4},"end":{"line":91,"column":49}},"32":{"start":{"line":92,"column":4},"end":{"line":92,"column":33}},"33":{"start":{"line":98,"column":4},"end":{"line":98,"column":52}},"34":{"start":{"line":99,"column":4},"end":{"line":99,"column":33}},"35":{"start":{"line":105,"column":4},"end":{"line":105,"column":50}},"36":{"start":{"line":106,"column":4},"end":{"line":106,"column":33}},"37":{"start":{"line":112,"column":4},"end":{"line":112,"column":53}},"38":{"start":{"line":113,"column":4},"end":{"line":113,"column":33}},"39":{"start":{"line":119,"column":4},"end":{"line":119,"column":57}},"40":{"start":{"line":120,"column":4},"end":{"line":120,"column":33}},"41":{"start":{"line":126,"column":4},"end":{"line":126,"column":56}},"42":{"start":{"line":127,"column":4},"end":{"line":127,"column":33}},"43":{"start":{"line":133,"column":4},"end":{"line":133,"column":58}},"44":{"start":{"line":134,"column":4},"end":{"line":134,"column":33}},"45":{"start":{"line":138,"column":4},"end":{"line":138,"column":47}},"46":{"start":{"line":139,"column":4},"end":{"line":139,"column":32}},"47":{"start":{"line":143,"column":19},"end":{"line":143,"column":68}},"48":{"start":{"line":146,"column":34},"end":{"line":146,"column":86}},"49":{"start":{"line":148,"column":4},"end":{"line":150,"column":7}},"50":{"start":{"line":149,"column":6},"end":{"line":149,"column":33}},"51":{"start":{"line":152,"column":4},"end":{"line":154,"column":7}},"52":{"start":{"line":153,"column":6},"end":{"line":153,"column":30}},"53":{"start":{"line":156,"column":18},"end":{"line":156,"column":41}},"54":{"start":{"line":158,"column":4},"end":{"line":161,"column":null}},"55":{"start":{"line":159,"column":37},"end":{"line":159,"column":51}},"56":{"start":{"line":160,"column":6},"end":{"line":160,"column":49}},"57":{"start":{"line":163,"column":4},"end":{"line":163,"column":52}},"58":{"start":{"line":48,"column":0},"end":{"line":48,"column":13}},"59":{"start":{"line":168,"column":9},"end":{"line":168,"column":25}},"60":{"start":{"line":171,"column":15},"end":{"line":171,"column":32}},"61":{"start":{"line":173,"column":0},"end":{"line":173,"column":22}}},"fnMap":{"0":{"name":"create","decl":{"start":{"line":26,"column":9},"end":{"line":26,"column":15}},"loc":{"start":{"line":26,"column":46},"end":{"line":46,"column":1}}},"1":{"name":"all","decl":{"start":{"line":35,"column":18},"end":{"line":35,"column":21}},"loc":{"start":{"line":35,"column":56},"end":{"line":37,"column":5}}},"2":{"name":"spread","decl":{"start":{"line":38,"column":21},"end":{"line":38,"column":27}},"loc":{"start":{"line":38,"column":63},"end":{"line":42,"column":5}}},"3":{"name":"wrap","decl":{"start":{"line":39,"column":22},"end":{"line":39,"column":26}},"loc":{"start":{"line":39,"column":30},"end":{"line":41,"column":7}}},"4":{"name":"(anonymous_11)","decl":{"start":{"line":56,"column":2},"end":{"line":56,"column":14}},"loc":{"start":{"line":56,"column":48},"end":{"line":81,"column":3}}},"5":{"name":"(anonymous_12)","decl":{"start":{"line":64,"column":22},"end":{"line":64,"column":25}},"loc":{"start":{"line":64,"column":27},"end":{"line":64,"column":30}}},"6":{"name":"(anonymous_13)","decl":{"start":{"line":65,"column":6},"end":{"line":65,"column":9}},"loc":{"start":{"line":65,"column":43},"end":{"line":67,"column":7}}},"7":{"name":"(anonymous_14)","decl":{"start":{"line":69,"column":6},"end":{"line":69,"column":9}},"loc":{"start":{"line":69,"column":50},"end":{"line":72,"column":7}}},"8":{"name":"(anonymous_15)","decl":{"start":{"line":74,"column":6},"end":{"line":74,"column":11}},"loc":{"start":{"line":74,"column":33},"end":{"line":79,"column":7}}},"9":{"name":"(anonymous_16)","decl":{"start":{"line":83,"column":2},"end":{"line":83,"column":9}},"loc":{"start":{"line":83,"column":31},"end":{"line":86,"column":3}}},"10":{"name":"(anonymous_17)","decl":{"start":{"line":90,"column":2},"end":{"line":90,"column":5}},"loc":{"start":{"line":90,"column":54},"end":{"line":93,"column":3}}},"11":{"name":"(anonymous_18)","decl":{"start":{"line":97,"column":2},"end":{"line":97,"column":8}},"loc":{"start":{"line":97,"column":57},"end":{"line":100,"column":3}}},"12":{"name":"(anonymous_19)","decl":{"start":{"line":104,"column":2},"end":{"line":104,"column":6}},"loc":{"start":{"line":104,"column":55},"end":{"line":107,"column":3}}},"13":{"name":"(anonymous_20)","decl":{"start":{"line":111,"column":2},"end":{"line":111,"column":9}},"loc":{"start":{"line":111,"column":58},"end":{"line":114,"column":3}}},"14":{"name":"(anonymous_21)","decl":{"start":{"line":118,"column":2},"end":{"line":118,"column":6}},"loc":{"start":{"line":118,"column":67},"end":{"line":121,"column":3}}},"15":{"name":"(anonymous_22)","decl":{"start":{"line":125,"column":2},"end":{"line":125,"column":5}},"loc":{"start":{"line":125,"column":66},"end":{"line":128,"column":3}}},"16":{"name":"(anonymous_23)","decl":{"start":{"line":132,"column":2},"end":{"line":132,"column":7}},"loc":{"start":{"line":132,"column":68},"end":{"line":135,"column":3}}},"17":{"name":"(anonymous_24)","decl":{"start":{"line":137,"column":2},"end":{"line":137,"column":8}},"loc":{"start":{"line":137,"column":31},"end":{"line":140,"column":3}}},"18":{"name":"(anonymous_25)","decl":{"start":{"line":142,"column":2},"end":{"line":142,"column":10}},"loc":{"start":{"line":142,"column":43},"end":{"line":164,"column":3}}},"19":{"name":"(anonymous_26)","decl":{"start":{"line":148,"column":38},"end":{"line":148,"column":39}},"loc":{"start":{"line":148,"column":54},"end":{"line":150,"column":5}}},"20":{"name":"(anonymous_27)","decl":{"start":{"line":152,"column":39},"end":{"line":152,"column":40}},"loc":{"start":{"line":152,"column":55},"end":{"line":154,"column":5}}}},"branchMap":{},"s":{"0":1,"1":1,"2":1,"3":1,"4":1,"5":1,"6":1,"7":1,"8":1,"9":1,"10":1,"11":1,"12":1,"13":1,"14":0,"15":0,"16":0,"17":1,"18":1,"19":1,"20":1,"21":1,"22":1,"23":10,"24":5,"25":5,"26":7,"27":7,"28":7,"29":0,"30":0,"31":0,"32":0,"33":0,"34":0,"35":0,"36":0,"37":0,"38":0,"39":2,"40":2,"41":0,"42":0,"43":0,"44":0,"45":0,"46":0,"47":9,"48":9,"49":9,"50":0,"51":9,"52":0,"53":9,"54":9,"55":9,"56":9,"57":9,"58":1,"59":1,"60":1,"61":1},"f":{"0":1,"1":0,"2":0,"3":0,"4":1,"5":0,"6":10,"7":5,"8":7,"9":0,"10":0,"11":0,"12":0,"13":0,"14":2,"15":0,"16":0,"17":0,"18":9,"19":0,"20":0},"b":{}}
,"/Users/shunzi/Program/MyLaboratory/Saxios/src/helper/buildFullUrl.ts": {"path":"/Users/shunzi/Program/MyLaboratory/Saxios/src/helper/buildFullUrl.ts","statementMap":{"0":{"start":{"line":1,"column":0},"end":{"line":1,"column":51}},"1":{"start":{"line":2,"column":0},"end":{"line":2,"column":44}},"2":{"start":{"line":3,"column":0},"end":{"line":3,"column":40}},"3":{"start":{"line":8,"column":2},"end":{"line":11,"column":null}},"4":{"start":{"line":9,"column":4},"end":{"line":9,"column":27}},"5":{"start":{"line":10,"column":4},"end":{"line":10,"column":24}},"6":{"start":{"line":13,"column":2},"end":{"line":15,"column":null}},"7":{"start":{"line":14,"column":4},"end":{"line":14,"column":47}},"8":{"start":{"line":17,"column":2},"end":{"line":17,"column":22}},"9":{"start":{"line":20,"column":0},"end":{"line":20,"column":28}}},"fnMap":{"0":{"name":"buildFullUrl","decl":{"start":{"line":7,"column":9},"end":{"line":7,"column":21}},"loc":{"start":{"line":7,"column":72},"end":{"line":18,"column":1}}}},"branchMap":{"0":{"loc":{"start":{"line":8,"column":2},"end":{"line":11,"column":null}},"type":"if","locations":[{"start":{"line":8,"column":2},"end":{"line":11,"column":null}},{"start":{"line":8,"column":2},"end":{"line":11,"column":null}}]},"1":{"loc":{"start":{"line":13,"column":2},"end":{"line":15,"column":null}},"type":"if","locations":[{"start":{"line":13,"column":2},"end":{"line":15,"column":null}},{"start":{"line":13,"column":2},"end":{"line":15,"column":null}}]},"2":{"loc":{"start":{"line":13,"column":6},"end":{"line":13,"column":13}},"type":"binary-expr","locations":[{"start":{"line":13,"column":6},"end":{"line":13,"column":13}},{"start":{"line":13,"column":17},"end":{"line":13,"column":46}}]}},"s":{"0":2,"1":2,"2":2,"3":14,"4":0,"5":0,"6":14,"7":5,"8":9,"9":2},"f":{"0":14},"b":{"0":[0,14],"1":[5,9],"2":[14,5]}}
,"/Users/shunzi/Program/MyLaboratory/Saxios/src/helper/buildUrl.ts": {"path":"/Users/shunzi/Program/MyLaboratory/Saxios/src/helper/buildUrl.ts","statementMap":{"0":{"start":{"line":2,"column":0},"end":{"line":2,"column":82}},"1":{"start":{"line":3,"column":0},"end":{"line":3,"column":42}},"2":{"start":{"line":6,"column":2},"end":{"line":13,"column":27}},"3":{"start":{"line":18,"column":2},"end":{"line":24,"column":null}},"4":{"start":{"line":19,"column":4},"end":{"line":19,"column":30}},"5":{"start":{"line":20,"column":9},"end":{"line":24,"column":null}},"6":{"start":{"line":21,"column":4},"end":{"line":21,"column":32}},"7":{"start":{"line":23,"column":4},"end":{"line":23,"column":16}},"8":{"start":{"line":25,"column":2},"end":{"line":25,"column":41}},"9":{"start":{"line":29,"column":2},"end":{"line":31,"column":null}},"10":{"start":{"line":30,"column":4},"end":{"line":30,"column":15}},"11":{"start":{"line":35,"column":2},"end":{"line":59,"column":null}},"12":{"start":{"line":36,"column":4},"end":{"line":36,"column":48}},"13":{"start":{"line":37,"column":9},"end":{"line":59,"column":null}},"14":{"start":{"line":38,"column":4},"end":{"line":38,"column":41}},"15":{"start":{"line":40,"column":28},"end":{"line":40,"column":30}},"16":{"start":{"line":42,"column":4},"end":{"line":56,"column":7}},"17":{"start":{"line":43,"column":20},"end":{"line":43,"column":31}},"18":{"start":{"line":44,"column":6},"end":{"line":46,"column":null}},"19":{"start":{"line":45,"column":8},"end":{"line":45,"column":15}},"20":{"start":{"line":48,"column":6},"end":{"line":55,"column":null}},"21":{"start":{"line":49,"column":8},"end":{"line":52,"column":11}},"22":{"start":{"line":50,"column":28},"end":{"line":50,"column":38}},"23":{"start":{"line":51,"column":10},"end":{"line":51,"column":50}},"24":{"start":{"line":54,"column":8},"end":{"line":54,"column":44}},"25":{"start":{"line":58,"column":4},"end":{"line":58,"column":39}},"26":{"start":{"line":61,"column":2},"end":{"line":64,"column":null}},"27":{"start":{"line":62,"column":4},"end":{"line":62,"column":27}},"28":{"start":{"line":63,"column":4},"end":{"line":63,"column":68}},"29":{"start":{"line":66,"column":2},"end":{"line":66,"column":13}},"30":{"start":{"line":70,"column":53},"end":{"line":70,"column":59}},"31":{"start":{"line":71,"column":2},"end":{"line":71,"column":72}},"32":{"start":{"line":69,"column":0},"end":{"line":69,"column":16}},"33":{"start":{"line":74,"column":0},"end":{"line":74,"column":24}}},"fnMap":{"0":{"name":"encode","decl":{"start":{"line":5,"column":9},"end":{"line":5,"column":15}},"loc":{"start":{"line":5,"column":27},"end":{"line":14,"column":1}}},"1":{"name":"changeValue","decl":{"start":{"line":16,"column":9},"end":{"line":16,"column":20}},"loc":{"start":{"line":16,"column":44},"end":{"line":26,"column":1}}},"2":{"name":"buildUrl","decl":{"start":{"line":28,"column":9},"end":{"line":28,"column":17}},"loc":{"start":{"line":28,"column":84},"end":{"line":67,"column":1}}},"3":{"name":"(anonymous_4)","decl":{"start":{"line":42,"column":32},"end":{"line":42,"column":33}},"loc":{"start":{"line":42,"column":40},"end":{"line":56,"column":5}}},"4":{"name":"(anonymous_5)","decl":{"start":{"line":49,"column":22},"end":{"line":49,"column":23}},"loc":{"start":{"line":49,"column":35},"end":{"line":52,"column":9}}},"5":{"name":"transformURL","decl":{"start":{"line":69,"column":16},"end":{"line":69,"column":28}},"loc":{"start":{"line":69,"column":50},"end":{"line":72,"column":1}}}},"branchMap":{"0":{"loc":{"start":{"line":18,"column":2},"end":{"line":24,"column":null}},"type":"if","locations":[{"start":{"line":18,"column":2},"end":{"line":24,"column":null}},{"start":{"line":18,"column":2},"end":{"line":24,"column":null}}]},"1":{"loc":{"start":{"line":20,"column":9},"end":{"line":24,"column":null}},"type":"if","locations":[{"start":{"line":20,"column":9},"end":{"line":24,"column":null}},{"start":{"line":20,"column":9},"end":{"line":24,"column":null}}]},"2":{"loc":{"start":{"line":29,"column":2},"end":{"line":31,"column":null}},"type":"if","locations":[{"start":{"line":29,"column":2},"end":{"line":31,"column":null}},{"start":{"line":29,"column":2},"end":{"line":31,"column":null}}]},"3":{"loc":{"start":{"line":35,"column":2},"end":{"line":59,"column":null}},"type":"if","locations":[{"start":{"line":35,"column":2},"end":{"line":59,"column":null}},{"start":{"line":35,"column":2},"end":{"line":59,"column":null}}]},"4":{"loc":{"start":{"line":37,"column":9},"end":{"line":59,"column":null}},"type":"if","locations":[{"start":{"line":37,"column":9},"end":{"line":59,"column":null}},{"start":{"line":37,"column":9},"end":{"line":59,"column":null}}]},"5":{"loc":{"start":{"line":44,"column":6},"end":{"line":46,"column":null}},"type":"if","locations":[{"start":{"line":44,"column":6},"end":{"line":46,"column":null}},{"start":{"line":44,"column":6},"end":{"line":46,"column":null}}]},"6":{"loc":{"start":{"line":44,"column":10},"end":{"line":44,"column":24}},"type":"binary-expr","locations":[{"start":{"line":44,"column":10},"end":{"line":44,"column":24}},{"start":{"line":44,"column":28},"end":{"line":44,"column":56}}]},"7":{"loc":{"start":{"line":48,"column":6},"end":{"line":55,"column":null}},"type":"if","locations":[{"start":{"line":48,"column":6},"end":{"line":55,"column":null}},{"start":{"line":48,"column":6},"end":{"line":55,"column":null}}]},"8":{"loc":{"start":{"line":61,"column":2},"end":{"line":64,"column":null}},"type":"if","locations":[{"start":{"line":61,"column":2},"end":{"line":64,"column":null}},{"start":{"line":61,"column":2},"end":{"line":64,"column":null}}]},"9":{"loc":{"start":{"line":63,"column":38},"end":{"line":63,"column":41}},"type":"cond-expr","locations":[{"start":{"line":63,"column":38},"end":{"line":63,"column":41}},{"start":{"line":63,"column":44},"end":{"line":63,"column":47}}]}},"s":{"0":2,"1":2,"2":18,"3":9,"4":1,"5":8,"6":1,"7":7,"8":9,"9":21,"10":10,"11":11,"12":1,"13":10,"14":1,"15":9,"16":9,"17":10,"18":10,"19":2,"20":8,"21":1,"22":2,"23":2,"24":7,"25":9,"26":11,"27":10,"28":10,"29":11,"30":9,"31":9,"32":2,"33":2},"f":{"0":18,"1":9,"2":21,"3":10,"4":2,"5":9},"b":{"0":[1,8],"1":[1,7],"2":[10,11],"3":[1,10],"4":[1,9],"5":[2,8],"6":[10,8],"7":[1,7],"8":[10,1],"9":[8,2]}}
,"/Users/shunzi/Program/MyLaboratory/Saxios/src/helper/combineURLs.ts": {"path":"/Users/shunzi/Program/MyLaboratory/Saxios/src/helper/combineURLs.ts","statementMap":{"0":{"start":{"line":2,"column":2},"end":{"line":4,"column":null}},"1":{"start":{"line":3,"column":4},"end":{"line":3,"column":39}},"2":{"start":{"line":5,"column":2},"end":{"line":5,"column":77}},"3":{"start":{"line":1,"column":0},"end":{"line":1,"column":24}}},"fnMap":{"0":{"name":"combineURLs","decl":{"start":{"line":1,"column":24},"end":{"line":1,"column":35}},"loc":{"start":{"line":1,"column":72},"end":{"line":6,"column":1}}}},"branchMap":{"0":{"loc":{"start":{"line":2,"column":2},"end":{"line":4,"column":null}},"type":"if","locations":[{"start":{"line":2,"column":2},"end":{"line":4,"column":null}},{"start":{"line":2,"column":2},"end":{"line":4,"column":null}}]}},"s":{"0":5,"1":1,"2":4,"3":2},"f":{"0":5},"b":{"0":[1,4]}}
,"/Users/shunzi/Program/MyLaboratory/Saxios/src/helper/cookie.ts": {"path":"/Users/shunzi/Program/MyLaboratory/Saxios/src/helper/cookie.ts","statementMap":{"0":{"start":{"line":1,"column":15},"end":{"line":6,"column":2}},"1":{"start":{"line":3,"column":18},"end":{"line":3,"column":81}},"2":{"start":{"line":4,"column":4},"end":{"line":4,"column":55}},"3":{"start":{"line":8,"column":0},"end":{"line":8,"column":22}}},"fnMap":{"0":{"name":"(anonymous_0)","decl":{"start":{"line":2,"column":2},"end":{"line":2,"column":6}},"loc":{"start":{"line":2,"column":19},"end":{"line":5,"column":3}}}},"branchMap":{"0":{"loc":{"start":{"line":4,"column":19},"end":{"line":4,"column":47}},"type":"cond-expr","locations":[{"start":{"line":4,"column":19},"end":{"line":4,"column":47}},{"start":{"line":4,"column":50},"end":{"line":4,"column":54}}]}},"s":{"0":2,"1":3,"2":3,"3":2},"f":{"0":3},"b":{"0":[1,2]}}
,"/Users/shunzi/Program/MyLaboratory/Saxios/src/helper/data.ts": {"path":"/Users/shunzi/Program/MyLaboratory/Saxios/src/helper/data.ts","statementMap":{"0":{"start":{"line":1,"column":0},"end":{"line":1,"column":46}},"1":{"start":{"line":4,"column":2},"end":{"line":6,"column":null}},"2":{"start":{"line":5,"column":4},"end":{"line":5,"column":32}},"3":{"start":{"line":7,"column":2},"end":{"line":7,"column":14}},"4":{"start":{"line":3,"column":0},"end":{"line":3,"column":16}},"5":{"start":{"line":11,"column":2},"end":{"line":15,"column":null}},"6":{"start":{"line":12,"column":4},"end":{"line":14,"column":22}},"7":{"start":{"line":13,"column":6},"end":{"line":13,"column":30}},"8":{"start":{"line":16,"column":2},"end":{"line":16,"column":14}},"9":{"start":{"line":10,"column":0},"end":{"line":10,"column":16}}},"fnMap":{"0":{"name":"requestDataFormat","decl":{"start":{"line":3,"column":16},"end":{"line":3,"column":33}},"loc":{"start":{"line":3,"column":43},"end":{"line":8,"column":1}}},"1":{"name":"responseDataFormat","decl":{"start":{"line":10,"column":16},"end":{"line":10,"column":34}},"loc":{"start":{"line":10,"column":44},"end":{"line":17,"column":1}}}},"branchMap":{"0":{"loc":{"start":{"line":4,"column":2},"end":{"line":6,"column":null}},"type":"if","locations":[{"start":{"line":4,"column":2},"end":{"line":6,"column":null}},{"start":{"line":4,"column":2},"end":{"line":6,"column":null}}]},"1":{"loc":{"start":{"line":11,"column":2},"end":{"line":15,"column":null}},"type":"if","locations":[{"start":{"line":11,"column":2},"end":{"line":15,"column":null}},{"start":{"line":11,"column":2},"end":{"line":15,"column":null}}]}},"s":{"0":2,"1":3,"2":2,"3":3,"4":2,"5":10,"6":8,"7":8,"8":10,"9":2},"f":{"0":3,"1":10},"b":{"0":[2,1],"1":[8,2]}}
,"/Users/shunzi/Program/MyLaboratory/Saxios/src/helper/headers.ts": {"path":"/Users/shunzi/Program/MyLaboratory/Saxios/src/helper/headers.ts","statementMap":{"0":{"start":{"line":1,"column":0},"end":{"line":1,"column":62}},"1":{"start":{"line":5,"column":2},"end":{"line":7,"column":null}},"2":{"start":{"line":6,"column":4},"end":{"line":6,"column":11}},"3":{"start":{"line":9,"column":2},"end":{"line":16,"column":5}},"4":{"start":{"line":10,"column":4},"end":{"line":15,"column":7}},"5":{"start":{"line":11,"column":6},"end":{"line":14,"column":null}},"6":{"start":{"line":12,"column":8},"end":{"line":12,"column":37}},"7":{"start":{"line":13,"column":8},"end":{"line":13,"column":28}},"8":{"start":{"line":21,"column":29},"end":{"line":21,"column":82}},"9":{"start":{"line":23,"column":2},"end":{"line":25,"column":5}},"10":{"start":{"line":24,"column":4},"end":{"line":24,"column":30}},"11":{"start":{"line":27,"column":2},"end":{"line":27,"column":23}},"12":{"start":{"line":31,"column":26},"end":{"line":31,"column":28}},"13":{"start":{"line":33,"column":2},"end":{"line":35,"column":null}},"14":{"start":{"line":34,"column":4},"end":{"line":34,"column":22}},"15":{"start":{"line":37,"column":2},"end":{"line":37,"column":45}},"16":{"start":{"line":39,"column":2},"end":{"line":39,"column":52}},"17":{"start":{"line":41,"column":2},"end":{"line":45,"column":null}},"18":{"start":{"line":42,"column":4},"end":{"line":44,"column":null}},"19":{"start":{"line":43,"column":6},"end":{"line":43,"column":68}},"20":{"start":{"line":47,"column":2},"end":{"line":47,"column":20}},"21":{"start":{"line":50,"column":0},"end":{"line":50,"column":30}}},"fnMap":{"0":{"name":"normalizeHeaderName","decl":{"start":{"line":4,"column":9},"end":{"line":4,"column":28}},"loc":{"start":{"line":4,"column":68},"end":{"line":17,"column":1}}},"1":{"name":"(anonymous_1)","decl":{"start":{"line":9,"column":26},"end":{"line":9,"column":27}},"loc":{"start":{"line":9,"column":35},"end":{"line":16,"column":3}}},"2":{"name":"(anonymous_2)","decl":{"start":{"line":10,"column":33},"end":{"line":10,"column":34}},"loc":{"start":{"line":10,"column":41},"end":{"line":15,"column":5}}},"3":{"name":"mergeHeaders","decl":{"start":{"line":20,"column":9},"end":{"line":20,"column":21}},"loc":{"start":{"line":20,"column":50},"end":{"line":28,"column":1}}},"4":{"name":"(anonymous_4)","decl":{"start":{"line":23,"column":82},"end":{"line":23,"column":83}},"loc":{"start":{"line":23,"column":90},"end":{"line":25,"column":3}}},"5":{"name":"processHeaders","decl":{"start":{"line":30,"column":9},"end":{"line":30,"column":23}},"loc":{"start":{"line":30,"column":63},"end":{"line":48,"column":1}}}},"branchMap":{"0":{"loc":{"start":{"line":5,"column":2},"end":{"line":7,"column":null}},"type":"if","locations":[{"start":{"line":5,"column":2},"end":{"line":7,"column":null}},{"start":{"line":5,"column":2},"end":{"line":7,"column":null}}]},"1":{"loc":{"start":{"line":11,"column":6},"end":{"line":14,"column":null}},"type":"if","locations":[{"start":{"line":11,"column":6},"end":{"line":14,"column":null}},{"start":{"line":11,"column":6},"end":{"line":14,"column":null}}]},"2":{"loc":{"start":{"line":11,"column":10},"end":{"line":11,"column":50}},"type":"binary-expr","locations":[{"start":{"line":11,"column":10},"end":{"line":11,"column":50}},{"start":{"line":11,"column":54},"end":{"line":11,"column":66}}]},"3":{"loc":{"start":{"line":21,"column":35},"end":{"line":21,"column":49}},"type":"binary-expr","locations":[{"start":{"line":21,"column":35},"end":{"line":21,"column":49}},{"start":{"line":21,"column":53},"end":{"line":21,"column":55}}]},"4":{"loc":{"start":{"line":33,"column":2},"end":{"line":35,"column":null}},"type":"if","locations":[{"start":{"line":33,"column":2},"end":{"line":35,"column":null}},{"start":{"line":33,"column":2},"end":{"line":35,"column":null}}]},"5":{"loc":{"start":{"line":41,"column":2},"end":{"line":45,"column":null}},"type":"if","locations":[{"start":{"line":41,"column":2},"end":{"line":45,"column":null}},{"start":{"line":41,"column":2},"end":{"line":45,"column":null}}]},"6":{"loc":{"start":{"line":42,"column":4},"end":{"line":44,"column":null}},"type":"if","locations":[{"start":{"line":42,"column":4},"end":{"line":44,"column":null}},{"start":{"line":42,"column":4},"end":{"line":44,"column":null}}]},"7":{"loc":{"start":{"line":42,"column":8},"end":{"line":42,"column":18}},"type":"binary-expr","locations":[{"start":{"line":42,"column":8},"end":{"line":42,"column":18}},{"start":{"line":42,"column":22},"end":{"line":42,"column":49}}]}},"s":{"0":1,"1":9,"2":0,"3":9,"4":9,"5":14,"6":1,"7":1,"8":9,"9":9,"10":72,"11":9,"12":9,"13":9,"14":0,"15":9,"16":9,"17":9,"18":0,"19":0,"20":9,"21":1},"f":{"0":9,"1":9,"2":14,"3":9,"4":72,"5":9},"b":{"0":[0,9],"1":[1,13],"2":[14,5],"3":[9,0],"4":[0,9],"5":[0,9],"6":[0,0],"7":[0,0]}}
,"/Users/shunzi/Program/MyLaboratory/Saxios/src/helper/isAbsoluteURL.ts": {"path":"/Users/shunzi/Program/MyLaboratory/Saxios/src/helper/isAbsoluteURL.ts","statementMap":{"0":{"start":{"line":3,"column":2},"end":{"line":3,"column":49}},"1":{"start":{"line":2,"column":0},"end":{"line":2,"column":24}}},"fnMap":{"0":{"name":"isAbsoluteURL","decl":{"start":{"line":2,"column":24},"end":{"line":2,"column":37}},"loc":{"start":{"line":2,"column":49},"end":{"line":4,"column":1}}}},"branchMap":{},"s":{"0":13,"1":2},"f":{"0":13},"b":{}}
,"/Users/shunzi/Program/MyLaboratory/Saxios/src/helper/isURLSameOrigin.ts": {"path":"/Users/shunzi/Program/MyLaboratory/Saxios/src/helper/isURLSameOrigin.ts","statementMap":{"0":{"start":{"line":6,"column":23},"end":{"line":6,"column":50}},"1":{"start":{"line":7,"column":22},"end":{"line":7,"column":54}},"2":{"start":{"line":10,"column":2},"end":{"line":10,"column":43}},"3":{"start":{"line":11,"column":29},"end":{"line":11,"column":43}},"4":{"start":{"line":13,"column":2},"end":{"line":16,"column":4}},"5":{"start":{"line":20,"column":23},"end":{"line":20,"column":45}},"6":{"start":{"line":22,"column":2},"end":{"line":24,"column":4}},"7":{"start":{"line":27,"column":0},"end":{"line":27,"column":31}}},"fnMap":{"0":{"name":"resolveURL","decl":{"start":{"line":9,"column":9},"end":{"line":9,"column":19}},"loc":{"start":{"line":9,"column":28},"end":{"line":17,"column":1}}},"1":{"name":"isURLSameOrigin","decl":{"start":{"line":19,"column":9},"end":{"line":19,"column":24}},"loc":{"start":{"line":19,"column":40},"end":{"line":25,"column":1}}}},"branchMap":{"0":{"loc":{"start":{"line":23,"column":4},"end":{"line":23,"column":52}},"type":"binary-expr","locations":[{"start":{"line":23,"column":4},"end":{"line":23,"column":52}},{"start":{"line":23,"column":56},"end":{"line":23,"column":96}}]}},"s":{"0":2,"1":2,"2":12,"3":12,"4":12,"5":10,"6":10,"7":2},"f":{"0":12,"1":10},"b":{"0":[10,9]}}
,"/Users/shunzi/Program/MyLaboratory/Saxios/src/helper/mergeConfig.ts": {"path":"/Users/shunzi/Program/MyLaboratory/Saxios/src/helper/mergeConfig.ts","statementMap":{"0":{"start":{"line":2,"column":0},"end":{"line":2,"column":84}},"1":{"start":{"line":15,"column":2},"end":{"line":17,"column":null}},"2":{"start":{"line":16,"column":4},"end":{"line":16,"column":17}},"3":{"start":{"line":19,"column":17},"end":{"line":19,"column":36}},"4":{"start":{"line":22,"column":31},"end":{"line":47,"column":4}},"5":{"start":{"line":49,"column":31},"end":{"line":49,"column":56}},"6":{"start":{"line":51,"column":24},"end":{"line":51,"column":53}},"7":{"start":{"line":54,"column":4},"end":{"line":56,"column":null}},"8":{"start":{"line":55,"column":6},"end":{"line":55,"column":35}},"9":{"start":{"line":57,"column":4},"end":{"line":59,"column":null}},"10":{"start":{"line":58,"column":6},"end":{"line":58,"column":31}},"11":{"start":{"line":60,"column":4},"end":{"line":62,"column":null}},"12":{"start":{"line":61,"column":6},"end":{"line":61,"column":28}},"13":{"start":{"line":63,"column":4},"end":{"line":63,"column":18}},"14":{"start":{"line":67,"column":4},"end":{"line":71,"column":null}},"15":{"start":{"line":68,"column":6},"end":{"line":68,"column":64}},"16":{"start":{"line":69,"column":11},"end":{"line":71,"column":null}},"17":{"start":{"line":70,"column":6},"end":{"line":70,"column":60}},"18":{"start":{"line":74,"column":2},"end":{"line":74,"column":50}},"19":{"start":{"line":74,"column":34},"end":{"line":74,"column":48}},"20":{"start":{"line":76,"column":2},"end":{"line":80,"column":5}},"21":{"start":{"line":77,"column":4},"end":{"line":79,"column":null}},"22":{"start":{"line":78,"column":6},"end":{"line":78,"column":61}},"23":{"start":{"line":82,"column":2},"end":{"line":88,"column":5}},"24":{"start":{"line":83,"column":4},"end":{"line":87,"column":null}},"25":{"start":{"line":84,"column":6},"end":{"line":84,"column":61}},"26":{"start":{"line":85,"column":11},"end":{"line":87,"column":null}},"27":{"start":{"line":86,"column":6},"end":{"line":86,"column":60}},"28":{"start":{"line":90,"column":21},"end":{"line":90,"column":92}},"29":{"start":{"line":92,"column":20},"end":{"line":96,"column":6}},"30":{"start":{"line":95,"column":6},"end":{"line":95,"column":44}},"31":{"start":{"line":98,"column":2},"end":{"line":98,"column":46}},"32":{"start":{"line":98,"column":30},"end":{"line":98,"column":44}},"33":{"start":{"line":100,"column":2},"end":{"line":100,"column":16}},"34":{"start":{"line":11,"column":0},"end":{"line":11,"column":24}}},"fnMap":{"0":{"name":"mergeConfig","decl":{"start":{"line":11,"column":24},"end":{"line":11,"column":35}},"loc":{"start":{"line":13,"column":25},"end":{"line":101,"column":1}}},"1":{"name":"getMergedValue","decl":{"start":{"line":53,"column":11},"end":{"line":53,"column":25}},"loc":{"start":{"line":53,"column":78},"end":{"line":64,"column":3}}},"2":{"name":"deepMerge","decl":{"start":{"line":66,"column":11},"end":{"line":66,"column":20}},"loc":{"start":{"line":66,"column":45},"end":{"line":72,"column":3}}},"3":{"name":"(anonymous_3)","decl":{"start":{"line":74,"column":25},"end":{"line":74,"column":26}},"loc":{"start":{"line":74,"column":34},"end":{"line":74,"column":48}}},"4":{"name":"(anonymous_4)","decl":{"start":{"line":76,"column":32},"end":{"line":76,"column":33}},"loc":{"start":{"line":76,"column":61},"end":{"line":80,"column":3}}},"5":{"name":"(anonymous_5)","decl":{"start":{"line":82,"column":32},"end":{"line":82,"column":33}},"loc":{"start":{"line":82,"column":61},"end":{"line":88,"column":3}}},"6":{"name":"(anonymous_6)","decl":{"start":{"line":94,"column":12},"end":{"line":94,"column":13}},"loc":{"start":{"line":94,"column":20},"end":{"line":96,"column":5}}},"7":{"name":"(anonymous_7)","decl":{"start":{"line":98,"column":21},"end":{"line":98,"column":22}},"loc":{"start":{"line":98,"column":30},"end":{"line":98,"column":44}}}},"branchMap":{"0":{"loc":{"start":{"line":15,"column":2},"end":{"line":17,"column":null}},"type":"if","locations":[{"start":{"line":15,"column":2},"end":{"line":17,"column":null}},{"start":{"line":15,"column":2},"end":{"line":17,"column":null}}]},"1":{"loc":{"start":{"line":54,"column":4},"end":{"line":56,"column":null}},"type":"if","locations":[{"start":{"line":54,"column":4},"end":{"line":56,"column":null}},{"start":{"line":54,"column":4},"end":{"line":56,"column":null}}]},"2":{"loc":{"start":{"line":54,"column":8},"end":{"line":54,"column":29}},"type":"binary-expr","locations":[{"start":{"line":54,"column":8},"end":{"line":54,"column":29}},{"start":{"line":54,"column":33},"end":{"line":54,"column":54}}]},"3":{"loc":{"start":{"line":57,"column":4},"end":{"line":59,"column":null}},"type":"if","locations":[{"start":{"line":57,"column":4},"end":{"line":59,"column":null}},{"start":{"line":57,"column":4},"end":{"line":59,"column":null}}]},"4":{"loc":{"start":{"line":60,"column":4},"end":{"line":62,"column":null}},"type":"if","locations":[{"start":{"line":60,"column":4},"end":{"line":62,"column":null}},{"start":{"line":60,"column":4},"end":{"line":62,"column":null}}]},"5":{"loc":{"start":{"line":67,"column":4},"end":{"line":71,"column":null}},"type":"if","locations":[{"start":{"line":67,"column":4},"end":{"line":71,"column":null}},{"start":{"line":67,"column":4},"end":{"line":71,"column":null}}]},"6":{"loc":{"start":{"line":69,"column":11},"end":{"line":71,"column":null}},"type":"if","locations":[{"start":{"line":69,"column":11},"end":{"line":71,"column":null}},{"start":{"line":69,"column":11},"end":{"line":71,"column":null}}]},"7":{"loc":{"start":{"line":77,"column":4},"end":{"line":79,"column":null}},"type":"if","locations":[{"start":{"line":77,"column":4},"end":{"line":79,"column":null}},{"start":{"line":77,"column":4},"end":{"line":79,"column":null}}]},"8":{"loc":{"start":{"line":83,"column":4},"end":{"line":87,"column":null}},"type":"if","locations":[{"start":{"line":83,"column":4},"end":{"line":87,"column":null}},{"start":{"line":83,"column":4},"end":{"line":87,"column":null}}]},"9":{"loc":{"start":{"line":85,"column":11},"end":{"line":87,"column":null}},"type":"if","locations":[{"start":{"line":85,"column":11},"end":{"line":87,"column":null}},{"start":{"line":85,"column":11},"end":{"line":87,"column":null}}]}},"s":{"0":1,"1":9,"2":0,"3":9,"4":9,"5":9,"6":9,"7":79,"8":3,"9":76,"10":7,"11":69,"12":18,"13":51,"14":27,"15":3,"16":24,"17":6,"18":9,"19":27,"20":9,"21":27,"22":15,"23":9,"24":216,"25":4,"26":212,"27":51,"28":9,"29":9,"30":95,"31":9,"32":0,"33":9,"34":1},"f":{"0":9,"1":79,"2":27,"3":27,"4":27,"5":216,"6":95,"7":0},"b":{"0":[0,9],"1":[3,76],"2":[79,3],"3":[7,69],"4":[18,51],"5":[3,24],"6":[6,18],"7":[15,12],"8":[4,212],"9":[51,161]}}
,"/Users/shunzi/Program/MyLaboratory/Saxios/src/utils/utils.ts": {"path":"/Users/shunzi/Program/MyLaboratory/Saxios/src/utils/utils.ts","statementMap":{"0":{"start":{"line":2,"column":2},"end":{"line":4,"column":null}},"1":{"start":{"line":3,"column":4},"end":{"line":3,"column":25}},"2":{"start":{"line":1,"column":0},"end":{"line":1,"column":16}},"3":{"start":{"line":8,"column":2},"end":{"line":10,"column":null}},"4":{"start":{"line":9,"column":4},"end":{"line":9,"column":30}},"5":{"start":{"line":11,"column":2},"end":{"line":11,"column":30}},"6":{"start":{"line":7,"column":0},"end":{"line":7,"column":16}},"7":{"start":{"line":15,"column":2},"end":{"line":15,"column":28}},"8":{"start":{"line":14,"column":0},"end":{"line":14,"column":16}},"9":{"start":{"line":19,"column":2},"end":{"line":19,"column":55}},"10":{"start":{"line":18,"column":0},"end":{"line":18,"column":16}},"11":{"start":{"line":23,"column":2},"end":{"line":23,"column":31}},"12":{"start":{"line":22,"column":0},"end":{"line":22,"column":16}},"13":{"start":{"line":27,"column":2},"end":{"line":27,"column":50}},"14":{"start":{"line":28,"column":2},"end":{"line":28,"column":94}},"15":{"start":{"line":26,"column":0},"end":{"line":26,"column":16}},"16":{"start":{"line":32,"column":2},"end":{"line":32,"column":36}},"17":{"start":{"line":31,"column":0},"end":{"line":31,"column":16}},"18":{"start":{"line":37,"column":2},"end":{"line":37,"column":56}},"19":{"start":{"line":36,"column":0},"end":{"line":36,"column":16}},"20":{"start":{"line":44,"column":2},"end":{"line":49,"column":4}},"21":{"start":{"line":43,"column":0},"end":{"line":43,"column":16}},"22":{"start":{"line":54,"column":2},"end":{"line":56,"column":null}},"23":{"start":{"line":55,"column":4},"end":{"line":55,"column":11}},"24":{"start":{"line":57,"column":2},"end":{"line":59,"column":null}},"25":{"start":{"line":58,"column":4},"end":{"line":58,"column":11}},"26":{"start":{"line":61,"column":2},"end":{"line":65,"column":null}},"27":{"start":{"line":62,"column":4},"end":{"line":62,"column":46}},"28":{"start":{"line":62,"column":31},"end":{"line":62,"column":44}},"29":{"start":{"line":64,"column":4},"end":{"line":64,"column":57}},"30":{"start":{"line":64,"column":38},"end":{"line":64,"column":55}},"31":{"start":{"line":53,"column":0},"end":{"line":53,"column":16}},"32":{"start":{"line":69,"column":24},"end":{"line":69,"column":26}},"33":{"start":{"line":71,"column":4},"end":{"line":79,"column":null}},"34":{"start":{"line":72,"column":6},"end":{"line":72,"column":44}},"35":{"start":{"line":73,"column":11},"end":{"line":79,"column":null}},"36":{"start":{"line":74,"column":6},"end":{"line":74,"column":35}},"37":{"start":{"line":75,"column":11},"end":{"line":79,"column":null}},"38":{"start":{"line":76,"column":6},"end":{"line":76,"column":32}},"39":{"start":{"line":78,"column":6},"end":{"line":78,"column":24}},"40":{"start":{"line":82,"column":2},"end":{"line":84,"column":5}},"41":{"start":{"line":83,"column":4},"end":{"line":83,"column":68}},"42":{"start":{"line":83,"column":33},"end":{"line":83,"column":66}},"43":{"start":{"line":86,"column":2},"end":{"line":86,"column":16}},"44":{"start":{"line":68,"column":0},"end":{"line":68,"column":16}},"45":{"start":{"line":90,"column":2},"end":{"line":90,"column":40}},"46":{"start":{"line":89,"column":0},"end":{"line":89,"column":16}}},"fnMap":{"0":{"name":"assert","decl":{"start":{"line":1,"column":16},"end":{"line":1,"column":22}},"loc":{"start":{"line":1,"column":46},"end":{"line":5,"column":1}}},"1":{"name":"isArray","decl":{"start":{"line":7,"column":16},"end":{"line":7,"column":23}},"loc":{"start":{"line":7,"column":32},"end":{"line":12,"column":1}}},"2":{"name":"isWindow","decl":{"start":{"line":14,"column":16},"end":{"line":14,"column":24}},"loc":{"start":{"line":14,"column":33},"end":{"line":16,"column":1}}},"3":{"name":"isDate","decl":{"start":{"line":18,"column":16},"end":{"line":18,"column":22}},"loc":{"start":{"line":18,"column":31},"end":{"line":20,"column":1}}},"4":{"name":"isObject","decl":{"start":{"line":22,"column":16},"end":{"line":22,"column":24}},"loc":{"start":{"line":22,"column":33},"end":{"line":24,"column":1}}},"5":{"name":"isFunction","decl":{"start":{"line":26,"column":16},"end":{"line":26,"column":26}},"loc":{"start":{"line":26,"column":34},"end":{"line":29,"column":1}}},"6":{"name":"isUndefined","decl":{"start":{"line":31,"column":16},"end":{"line":31,"column":27}},"loc":{"start":{"line":31,"column":36},"end":{"line":33,"column":1}}},"7":{"name":"isFormData","decl":{"start":{"line":36,"column":16},"end":{"line":36,"column":26}},"loc":{"start":{"line":36,"column":36},"end":{"line":38,"column":1}}},"8":{"name":"isPlainObject","decl":{"start":{"line":43,"column":16},"end":{"line":43,"column":29}},"loc":{"start":{"line":43,"column":38},"end":{"line":50,"column":1}}},"9":{"name":"forEach","decl":{"start":{"line":53,"column":16},"end":{"line":53,"column":23}},"loc":{"start":{"line":53,"column":80},"end":{"line":66,"column":1}}},"10":{"name":"(anonymous_10)","decl":{"start":{"line":62,"column":16},"end":{"line":62,"column":17}},"loc":{"start":{"line":62,"column":31},"end":{"line":62,"column":44}}},"11":{"name":"(anonymous_11)","decl":{"start":{"line":64,"column":29},"end":{"line":64,"column":30}},"loc":{"start":{"line":64,"column":38},"end":{"line":64,"column":55}}},"12":{"name":"merge","decl":{"start":{"line":68,"column":16},"end":{"line":68,"column":21}},"loc":{"start":{"line":68,"column":35},"end":{"line":87,"column":1}}},"13":{"name":"assignValue","decl":{"start":{"line":70,"column":11},"end":{"line":70,"column":22}},"loc":{"start":{"line":70,"column":44},"end":{"line":80,"column":3}}},"14":{"name":"(anonymous_14)","decl":{"start":{"line":82,"column":15},"end":{"line":82,"column":16}},"loc":{"start":{"line":82,"column":23},"end":{"line":84,"column":3}}},"15":{"name":"(anonymous_15)","decl":{"start":{"line":83,"column":17},"end":{"line":83,"column":18}},"loc":{"start":{"line":83,"column":33},"end":{"line":83,"column":66}}},"16":{"name":"isURLSearchParams","decl":{"start":{"line":89,"column":16},"end":{"line":89,"column":33}},"loc":{"start":{"line":89,"column":42},"end":{"line":91,"column":1}}}},"branchMap":{"0":{"loc":{"start":{"line":1,"column":39},"end":{"line":1,"column":46}},"type":"default-arg","locations":[{"start":{"line":1,"column":39},"end":{"line":1,"column":46}}]},"1":{"loc":{"start":{"line":2,"column":2},"end":{"line":4,"column":null}},"type":"if","locations":[{"start":{"line":2,"column":2},"end":{"line":4,"column":null}},{"start":{"line":2,"column":2},"end":{"line":4,"column":null}}]},"2":{"loc":{"start":{"line":8,"column":2},"end":{"line":10,"column":null}},"type":"if","locations":[{"start":{"line":8,"column":2},"end":{"line":10,"column":null}},{"start":{"line":8,"column":2},"end":{"line":10,"column":null}}]},"3":{"loc":{"start":{"line":28,"column":9},"end":{"line":28,"column":31}},"type":"binary-expr","locations":[{"start":{"line":28,"column":9},"end":{"line":28,"column":31}},{"start":{"line":28,"column":35},"end":{"line":28,"column":93}}]},"4":{"loc":{"start":{"line":37,"column":9},"end":{"line":37,"column":27}},"type":"binary-expr","locations":[{"start":{"line":37,"column":9},"end":{"line":37,"column":27}},{"start":{"line":37,"column":31},"end":{"line":37,"column":55}}]},"5":{"loc":{"start":{"line":45,"column":4},"end":{"line":45,"column":25}},"type":"binary-expr","locations":[{"start":{"line":45,"column":4},"end":{"line":45,"column":25}},{"start":{"line":46,"column":4},"end":{"line":46,"column":18}},{"start":{"line":48,"column":4},"end":{"line":48,"column":51}}]},"6":{"loc":{"start":{"line":54,"column":2},"end":{"line":56,"column":null}},"type":"if","locations":[{"start":{"line":54,"column":2},"end":{"line":56,"column":null}},{"start":{"line":54,"column":2},"end":{"line":56,"column":null}}]},"7":{"loc":{"start":{"line":54,"column":6},"end":{"line":54,"column":18}},"type":"binary-expr","locations":[{"start":{"line":54,"column":6},"end":{"line":54,"column":18}},{"start":{"line":54,"column":22},"end":{"line":54,"column":39}}]},"8":{"loc":{"start":{"line":57,"column":2},"end":{"line":59,"column":null}},"type":"if","locations":[{"start":{"line":57,"column":2},"end":{"line":59,"column":null}},{"start":{"line":57,"column":2},"end":{"line":59,"column":null}}]},"9":{"loc":{"start":{"line":61,"column":2},"end":{"line":65,"column":null}},"type":"if","locations":[{"start":{"line":61,"column":2},"end":{"line":65,"column":null}},{"start":{"line":61,"column":2},"end":{"line":65,"column":null}}]},"10":{"loc":{"start":{"line":71,"column":4},"end":{"line":79,"column":null}},"type":"if","locations":[{"start":{"line":71,"column":4},"end":{"line":79,"column":null}},{"start":{"line":71,"column":4},"end":{"line":79,"column":null}}]},"11":{"loc":{"start":{"line":71,"column":8},"end":{"line":71,"column":34}},"type":"binary-expr","locations":[{"start":{"line":71,"column":8},"end":{"line":71,"column":34}},{"start":{"line":71,"column":38},"end":{"line":71,"column":56}}]},"12":{"loc":{"start":{"line":73,"column":11},"end":{"line":79,"column":null}},"type":"if","locations":[{"start":{"line":73,"column":11},"end":{"line":79,"column":null}},{"start":{"line":73,"column":11},"end":{"line":79,"column":null}}]},"13":{"loc":{"start":{"line":75,"column":11},"end":{"line":79,"column":null}},"type":"if","locations":[{"start":{"line":75,"column":11},"end":{"line":79,"column":null}},{"start":{"line":75,"column":11},"end":{"line":79,"column":null}}]}},"s":{"0":23,"1":0,"2":4,"3":231,"4":231,"5":0,"6":4,"7":212,"8":4,"9":11,"10":4,"11":3,"12":4,"13":0,"14":0,"15":4,"16":533,"17":4,"18":11,"19":4,"20":748,"21":4,"22":579,"23":0,"24":579,"25":0,"26":579,"27":220,"28":701,"29":359,"30":279,"31":4,"32":175,"33":279,"34":0,"35":279,"36":153,"37":126,"38":2,"39":124,"40":175,"41":359,"42":279,"43":175,"44":4,"45":14,"46":4},"f":{"0":23,"1":231,"2":212,"3":11,"4":3,"5":0,"6":533,"7":11,"8":748,"9":579,"10":701,"11":279,"12":175,"13":279,"14":359,"15":279,"16":14},"b":{"0":[0],"1":[0,23],"2":[231,0],"3":[0,0],"4":[11,3],"5":[748,212,212],"6":[0,579],"7":[579,579],"8":[0,579],"9":[220,359],"10":[0,279],"11":[279,0],"12":[153,126],"13":[2,124]}}
}
