TN:
SF:src/index.ts
FNF:0
FNH:0
DA:1,1
DA:3,1
DA:5,1
LF:3
LH:3
BRF:0
BRH:0
end_of_record
TN:
SF:src/adapters/xhr.ts
FN:9,request
FN:12,(anonymous_2)
FN:45,configToXhr
FN:51,handleCancel
FN:53,(anonymous_5)
FN:60,addEventsListeners
FN:64,(anonymous_7)
FN:74,(anonymous_8)
FN:84,(anonymous_9)
FN:99,handleResponse
FN:114,ProcessHeader
FN:130,(anonymous_12)
FNF:12
FNH:11
FNDA:9,request
FNDA:9,(anonymous_2)
FNDA:9,configToXhr
FNDA:9,handleCancel
FNDA:0,(anonymous_5)
FNDA:9,addEventsListeners
FNDA:1,(anonymous_7)
FNDA:1,(anonymous_8)
FNDA:23,(anonymous_9)
FNDA:7,handleResponse
FNDA:9,ProcessHeader
FNDA:14,(anonymous_12)
DA:1,1
DA:2,1
DA:4,1
DA:5,1
DA:6,1
DA:7,1
DA:9,1
DA:10,9
DA:12,9
DA:28,9
DA:30,9
DA:32,9
DA:33,9
DA:35,9
DA:37,9
DA:39,9
DA:41,9
DA:43,9
DA:46,9
DA:47,9
DA:48,9
DA:52,9
DA:53,0
DA:54,0
DA:55,0
DA:61,9
DA:62,9
DA:64,9
DA:65,1
DA:71,1
DA:74,9
DA:75,1
DA:81,1
DA:84,9
DA:85,23
DA:86,14
DA:89,9
DA:90,2
DA:93,7
DA:95,7
DA:100,7
DA:101,5
DA:103,2
DA:110,2
DA:115,9
DA:116,1
DA:117,1
DA:118,0
DA:122,9
DA:123,0
DA:126,9
DA:127,0
DA:130,9
DA:131,14
DA:137,1
LF:55
LH:49
BRDA:46,0,0,9
BRDA:46,0,1,0
BRDA:47,1,0,9
BRDA:47,1,1,1
BRDA:48,2,0,9
BRDA:48,2,1,1
BRDA:52,3,0,0
BRDA:52,3,1,9
BRDA:61,4,0,9
BRDA:61,4,1,0
BRDA:62,5,0,9
BRDA:62,5,1,0
BRDA:85,6,0,14
BRDA:85,6,1,9
BRDA:85,7,0,23
BRDA:85,7,1,23
BRDA:89,8,0,2
BRDA:89,8,1,7
BRDA:89,9,0,9
BRDA:89,9,1,2
BRDA:89,10,0,2
BRDA:89,10,1,0
BRDA:100,11,0,5
BRDA:100,11,1,2
BRDA:100,12,0,7
BRDA:100,12,1,7
BRDA:115,13,0,1
BRDA:115,13,1,8
BRDA:115,14,0,9
BRDA:115,14,1,8
BRDA:115,14,2,1
BRDA:117,15,0,0
BRDA:117,15,1,1
BRDA:122,16,0,0
BRDA:122,16,1,9
BRDA:126,17,0,0
BRDA:126,17,1,9
BRF:37
BRH:29
end_of_record
TN:
SF:src/core/dispatchRequest.ts
FN:6,dispatchRequest
FN:15,(anonymous_2)
FN:18,(anonymous_3)
FN:26,throwIfCancellationRequseted
FNF:4
FNH:4
FNDA:9,dispatchRequest
FNDA:5,(anonymous_2)
FNDA:4,(anonymous_3)
FNDA:9,throwIfCancellationRequseted
DA:2,1
DA:3,1
DA:4,1
DA:6,1
DA:7,9
DA:9,9
DA:11,9
DA:12,9
DA:14,9
DA:16,5
DA:19,4
DA:20,2
DA:22,4
DA:27,9
DA:28,0
LF:15
LH:14
BRDA:9,0,0,9
BRDA:9,0,1,0
BRDA:19,1,0,2
BRDA:19,1,1,2
BRDA:19,2,0,4
BRDA:19,2,1,4
BRDA:27,3,0,0
BRDA:27,3,1,9
BRF:8
BRH:6
end_of_record
TN:
SF:src/core/error.ts
FN:10,(anonymous_0)
FN:33,createError
FNF:2
FNH:2
FNDA:5,(anonymous_0)
FNDA:5,createError
DA:3,2
DA:23,5
DA:25,5
DA:26,5
DA:27,5
DA:28,5
DA:29,5
DA:33,2
DA:46,5
LF:9
LH:9
BRF:0
BRH:0
end_of_record
TN:
SF:src/core/saxios.ts
FN:26,create
FN:35,all
FN:38,spread
FN:39,wrap
FN:56,(anonymous_11)
FN:64,(anonymous_12)
FN:65,(anonymous_13)
FN:69,(anonymous_14)
FN:74,(anonymous_15)
FN:83,(anonymous_16)
FN:90,(anonymous_17)
FN:97,(anonymous_18)
FN:104,(anonymous_19)
FN:111,(anonymous_20)
FN:118,(anonymous_21)
FN:125,(anonymous_22)
FN:132,(anonymous_23)
FN:137,(anonymous_24)
FN:142,(anonymous_25)
FN:148,(anonymous_26)
FN:152,(anonymous_27)
FNF:21
FNH:7
FNDA:1,create
FNDA:0,all
FNDA:0,spread
FNDA:0,wrap
FNDA:1,(anonymous_11)
FNDA:0,(anonymous_12)
FNDA:10,(anonymous_13)
FNDA:5,(anonymous_14)
FNDA:7,(anonymous_15)
FNDA:0,(anonymous_16)
FNDA:0,(anonymous_17)
FNDA:0,(anonymous_18)
FNDA:0,(anonymous_19)
FNDA:0,(anonymous_20)
FNDA:2,(anonymous_21)
FNDA:0,(anonymous_22)
FNDA:0,(anonymous_23)
FNDA:0,(anonymous_24)
FNDA:9,(anonymous_25)
FNDA:0,(anonymous_26)
FNDA:0,(anonymous_27)
DA:1,1
DA:2,1
DA:3,1
DA:4,1
DA:13,1
DA:14,1
DA:15,1
DA:16,1
DA:17,1
DA:18,1
DA:19,1
DA:27,1
DA:29,1
DA:31,1
DA:36,0
DA:39,0
DA:40,0
DA:45,1
DA:48,1
DA:57,1
DA:58,1
DA:59,1
DA:64,1
DA:66,10
DA:70,5
DA:71,5
DA:76,7
DA:77,7
DA:78,7
DA:84,0
DA:85,0
DA:91,0
DA:92,0
DA:98,0
DA:99,0
DA:105,0
DA:106,0
DA:112,0
DA:113,0
DA:119,2
DA:120,2
DA:126,0
DA:127,0
DA:133,0
DA:134,0
DA:138,0
DA:139,0
DA:143,9
DA:146,9
DA:148,9
DA:149,0
DA:152,9
DA:153,0
DA:156,9
DA:158,9
DA:159,9
DA:160,9
DA:163,9
DA:166,1
DA:168,1
DA:171,1
DA:173,1
LF:62
LH:41
BRF:0
BRH:0
end_of_record
TN:
SF:src/helper/buildFullUrl.ts
FN:7,buildFullUrl
FNF:1
FNH:1
FNDA:14,buildFullUrl
DA:1,2
DA:2,2
DA:3,2
DA:8,14
DA:9,0
DA:10,0
DA:13,14
DA:14,5
DA:17,9
DA:20,2
LF:10
LH:8
BRDA:8,0,0,0
BRDA:8,0,1,14
BRDA:13,1,0,5
BRDA:13,1,1,9
BRDA:13,2,0,14
BRDA:13,2,1,5
BRF:6
BRH:5
end_of_record
TN:
SF:src/helper/buildUrl.ts
FN:5,encode
FN:16,changeValue
FN:28,buildUrl
FN:42,(anonymous_4)
FN:49,(anonymous_5)
FN:69,transformURL
FNF:6
FNH:6
FNDA:18,encode
FNDA:9,changeValue
FNDA:21,buildUrl
FNDA:10,(anonymous_4)
FNDA:2,(anonymous_5)
FNDA:9,transformURL
DA:2,2
DA:3,2
DA:6,18
DA:18,9
DA:19,1
DA:20,8
DA:21,1
DA:23,7
DA:25,9
DA:29,21
DA:30,10
DA:35,11
DA:36,1
DA:37,10
DA:38,1
DA:40,9
DA:42,9
DA:43,10
DA:44,10
DA:45,2
DA:48,8
DA:49,1
DA:50,2
DA:51,2
DA:54,7
DA:58,9
DA:61,11
DA:62,10
DA:63,10
DA:66,11
DA:69,2
DA:70,9
DA:71,9
DA:74,2
LF:34
LH:34
BRDA:18,0,0,1
BRDA:18,0,1,8
BRDA:20,1,0,1
BRDA:20,1,1,7
BRDA:29,2,0,10
BRDA:29,2,1,11
BRDA:35,3,0,1
BRDA:35,3,1,10
BRDA:37,4,0,1
BRDA:37,4,1,9
BRDA:44,5,0,2
BRDA:44,5,1,8
BRDA:44,6,0,10
BRDA:44,6,1,8
BRDA:48,7,0,1
BRDA:48,7,1,7
BRDA:61,8,0,10
BRDA:61,8,1,1
BRDA:63,9,0,8
BRDA:63,9,1,2
BRF:20
BRH:20
end_of_record
TN:
SF:src/helper/combineURLs.ts
FN:1,combineURLs
FNF:1
FNH:1
FNDA:5,combineURLs
DA:1,2
DA:2,5
DA:3,1
DA:5,4
LF:4
LH:4
BRDA:2,0,0,1
BRDA:2,0,1,4
BRF:2
BRH:2
end_of_record
TN:
SF:src/helper/cookie.ts
FN:2,(anonymous_0)
FNF:1
FNH:1
FNDA:3,(anonymous_0)
DA:1,2
DA:3,3
DA:4,3
DA:8,2
LF:4
LH:4
BRDA:4,0,0,1
BRDA:4,0,1,2
BRF:2
BRH:2
end_of_record
TN:
SF:src/helper/data.ts
FN:3,requestDataFormat
FN:10,responseDataFormat
FNF:2
FNH:2
FNDA:3,requestDataFormat
FNDA:10,responseDataFormat
DA:1,2
DA:3,2
DA:4,3
DA:5,2
DA:7,3
DA:10,2
DA:11,10
DA:12,8
DA:13,8
DA:16,10
LF:10
LH:10
BRDA:4,0,0,2
BRDA:4,0,1,1
BRDA:11,1,0,8
BRDA:11,1,1,2
BRF:4
BRH:4
end_of_record
TN:
SF:src/helper/headers.ts
FN:4,normalizeHeaderName
FN:9,(anonymous_1)
FN:10,(anonymous_2)
FN:20,mergeHeaders
FN:23,(anonymous_4)
FN:30,processHeaders
FNF:6
FNH:6
FNDA:9,normalizeHeaderName
FNDA:9,(anonymous_1)
FNDA:14,(anonymous_2)
FNDA:9,mergeHeaders
FNDA:72,(anonymous_4)
FNDA:9,processHeaders
DA:1,1
DA:5,9
DA:6,0
DA:9,9
DA:10,9
DA:11,14
DA:12,1
DA:13,1
DA:21,9
DA:23,9
DA:24,72
DA:27,9
DA:31,9
DA:33,9
DA:34,0
DA:37,9
DA:39,9
DA:41,9
DA:42,0
DA:43,0
DA:47,9
DA:50,1
LF:22
LH:18
BRDA:5,0,0,0
BRDA:5,0,1,9
BRDA:11,1,0,1
BRDA:11,1,1,13
BRDA:11,2,0,14
BRDA:11,2,1,5
BRDA:21,3,0,9
BRDA:21,3,1,0
BRDA:33,4,0,0
BRDA:33,4,1,9
BRDA:41,5,0,0
BRDA:41,5,1,9
BRDA:42,6,0,0
BRDA:42,6,1,0
BRDA:42,7,0,0
BRDA:42,7,1,0
BRF:16
BRH:8
end_of_record
TN:
SF:src/helper/isAbsoluteURL.ts
FN:2,isAbsoluteURL
FNF:1
FNH:1
FNDA:13,isAbsoluteURL
DA:2,2
DA:3,13
LF:2
LH:2
BRF:0
BRH:0
end_of_record
TN:
SF:src/helper/isURLSameOrigin.ts
FN:9,resolveURL
FN:19,isURLSameOrigin
FNF:2
FNH:2
FNDA:12,resolveURL
FNDA:10,isURLSameOrigin
DA:6,2
DA:7,2
DA:10,12
DA:11,12
DA:13,12
DA:20,10
DA:22,10
DA:27,2
LF:8
LH:8
BRDA:23,0,0,10
BRDA:23,0,1,9
BRF:2
BRH:2
end_of_record
TN:
SF:src/helper/mergeConfig.ts
FN:11,mergeConfig
FN:53,getMergedValue
FN:66,deepMerge
FN:74,(anonymous_3)
FN:76,(anonymous_4)
FN:82,(anonymous_5)
FN:94,(anonymous_6)
FN:98,(anonymous_7)
FNF:8
FNH:7
FNDA:9,mergeConfig
FNDA:79,getMergedValue
FNDA:27,deepMerge
FNDA:27,(anonymous_3)
FNDA:27,(anonymous_4)
FNDA:216,(anonymous_5)
FNDA:95,(anonymous_6)
FNDA:0,(anonymous_7)
DA:2,1
DA:11,1
DA:15,9
DA:16,0
DA:19,9
DA:22,9
DA:49,9
DA:51,9
DA:54,79
DA:55,3
DA:57,76
DA:58,7
DA:60,69
DA:61,18
DA:63,51
DA:67,27
DA:68,3
DA:69,24
DA:70,6
DA:74,27
DA:76,9
DA:77,27
DA:78,15
DA:82,9
DA:83,216
DA:84,4
DA:85,212
DA:86,51
DA:90,9
DA:92,9
DA:95,95
DA:98,9
DA:100,9
LF:33
LH:32
BRDA:15,0,0,0
BRDA:15,0,1,9
BRDA:54,1,0,3
BRDA:54,1,1,76
BRDA:54,2,0,79
BRDA:54,2,1,3
BRDA:57,3,0,7
BRDA:57,3,1,69
BRDA:60,4,0,18
BRDA:60,4,1,51
BRDA:67,5,0,3
BRDA:67,5,1,24
BRDA:69,6,0,6
BRDA:69,6,1,18
BRDA:77,7,0,15
BRDA:77,7,1,12
BRDA:83,8,0,4
BRDA:83,8,1,212
BRDA:85,9,0,51
BRDA:85,9,1,161
BRF:20
BRH:19
end_of_record
TN:
SF:src/utils/utils.ts
FN:1,assert
FN:7,isArray
FN:14,isWindow
FN:18,isDate
FN:22,isObject
FN:26,isFunction
FN:31,isUndefined
FN:36,isFormData
FN:43,isPlainObject
FN:53,forEach
FN:62,(anonymous_10)
FN:64,(anonymous_11)
FN:68,merge
FN:70,assignValue
FN:82,(anonymous_14)
FN:83,(anonymous_15)
FN:89,isURLSearchParams
FNF:17
FNH:16
FNDA:23,assert
FNDA:231,isArray
FNDA:212,isWindow
FNDA:11,isDate
FNDA:3,isObject
FNDA:0,isFunction
FNDA:533,isUndefined
FNDA:11,isFormData
FNDA:748,isPlainObject
FNDA:579,forEach
FNDA:701,(anonymous_10)
FNDA:279,(anonymous_11)
FNDA:175,merge
FNDA:279,assignValue
FNDA:359,(anonymous_14)
FNDA:279,(anonymous_15)
FNDA:14,isURLSearchParams
DA:1,4
DA:2,23
DA:3,0
DA:7,4
DA:8,231
DA:9,231
DA:11,0
DA:14,4
DA:15,212
DA:18,4
DA:19,11
DA:22,4
DA:23,3
DA:26,4
DA:27,0
DA:28,0
DA:31,4
DA:32,533
DA:36,4
DA:37,11
DA:43,4
DA:44,748
DA:53,4
DA:54,579
DA:55,0
DA:57,579
DA:58,0
DA:61,579
DA:62,701
DA:64,359
DA:68,4
DA:69,175
DA:71,279
DA:72,0
DA:73,279
DA:74,153
DA:75,126
DA:76,2
DA:78,124
DA:82,175
DA:83,359
DA:86,175
DA:89,4
DA:90,14
LF:44
LH:37
BRDA:1,0,0,0
BRDA:2,1,0,0
BRDA:2,1,1,23
BRDA:8,2,0,231
BRDA:8,2,1,0
BRDA:28,3,0,0
BRDA:28,3,1,0
BRDA:37,4,0,11
BRDA:37,4,1,3
BRDA:45,5,0,748
BRDA:45,5,1,212
BRDA:45,5,2,212
BRDA:54,6,0,0
BRDA:54,6,1,579
BRDA:54,7,0,579
BRDA:54,7,1,579
BRDA:57,8,0,0
BRDA:57,8,1,579
BRDA:61,9,0,220
BRDA:61,9,1,359
BRDA:71,10,0,0
BRDA:71,10,1,279
BRDA:71,11,0,279
BRDA:71,11,1,0
BRDA:73,12,0,153
BRDA:73,12,1,126
BRDA:75,13,0,2
BRDA:75,13,1,124
BRF:28
BRH:19
end_of_record
